<?xml version="1.0" encoding="UTF-8"?>
<!-- Generated by org.testng.reporters.JUnitXMLReporter -->
<testsuite hostname="BG-HP8470" ignored="0" name="Chrome" tests="4" failures="0" timestamp="2020-03-17T22:24:10 EDT" time="0.144" errors="0">
  <testcase name="Login" time="0.01" classname="com.testng6.DataProvider.LoginTest"/>
  <testcase name="Login" time="0.0" classname="com.testng6.DataProvider.LoginTest"/>
  <testcase name="Login" time="0.0" classname="com.testng6.DataProvider.LoginTest"/>
  <testcase name="Login" time="0.002" classname="com.testng6.DataProvider.LoginTest"/>
</testsuite> <!-- Chrome -->
