<?xml version="1.0" encoding="UTF-8"?>
<!-- Generated by org.testng.reporters.JUnitXMLReporter -->
<testsuite hostname="BG-HP8470" ignored="2" name="Its second test" tests="3" failures="0" timestamp="2020-03-17T04:32:41 EDT" time="0.035" errors="0">
  <testcase name="CTest1" time="0.004" classname="com.testng.B001"/>
  <testcase name="BTest3" time="0.008" classname="com.testng.B002"/>
  <testcase name="BTest4" time="0.003" classname="com.testng.B002"/>
  <testcase name="BTest2" time="0.0" classname="com.testng.B001">
    <ignored/>
  </testcase> <!-- BTest2 -->
  <testcase name="BTest1" time="0.0" classname="com.testng.B001">
    <ignored/>
  </testcase> <!-- BTest1 -->
</testsuite> <!-- Its second test -->
