<?xml version="1.0" encoding="UTF-8"?>
<!-- Generated by org.testng.reporters.JUnitXMLReporter -->
<testsuite hostname="BG-HP8470" ignored="0" name="My first test" tests="11" failures="0" timestamp="2020-03-17T05:04:56 EDT" time="0.189" errors="0">
  <testcase name="ATest1" time="0.01" classname="com.testng.A001"/>
  <testcase name="ATest2" time="0.014" classname="com.testng.A001"/>
  <testcase name="ATest3" time="0.0" classname="com.testng.A002"/>
  <testcase name="ATest4" time="0.003" classname="com.testng.A002"/>
  <testcase name="BTest1" time="0.008" classname="com.testng.B001"/>
  <testcase name="BTest2" time="0.0" classname="com.testng.B001"/>
  <testcase name="CTest1" time="0.008" classname="com.testng.B001"/>
  <testcase name="BTest3" time="0.0" classname="com.testng.B002"/>
  <testcase name="BTest4" time="0.008" classname="com.testng.B002"/>
  <testcase name="f" time="0.007" classname="com.testng._TestNGAnnotations"/>
  <testcase name="f" time="0.01" classname="com.testng._TestNGAnnotations"/>
</testsuite> <!-- My first test -->
