<?xml version="1.0" encoding="UTF-8"?>
<!-- Generated by org.testng.reporters.JUnitXMLReporter -->
<testsuite hostname="BG-HP8470" ignored="0" name="runAll" tests="4" failures="0" timestamp="2020-03-17T18:59:32 EDT" time="0.148" errors="0">
  <testcase name="Login" time="0.011" classname="com.testng4.Groups.TestGroup"/>
  <testcase name="CreateUser" time="0.01" classname="com.testng4.Groups.TestGroup"/>
  <testcase name="CheckUser" time="0.008" classname="com.testng4.Groups.TestGroup"/>
  <testcase name="DeleteUser" time="0.0" classname="com.testng4.Groups.TestGroup"/>
</testsuite> <!-- runAll -->
