<?xml version="1.0" encoding="UTF-8"?>
<!-- Generated by org.testng.reporters.JUnitXMLReporter -->
<testsuite hostname="BG-HP8470" ignored="3" name="runOnlySmoke" tests="1" failures="0" timestamp="2020-03-17T19:13:11 EDT" time="0.116" errors="0">
  <testcase name="Login" time="0.015" classname="com.testng4.Groups.TestGroup"/>
  <testcase name="CreateUser" time="0.0" classname="com.testng4.Groups.TestGroup">
    <ignored/>
  </testcase> <!-- CreateUser -->
  <testcase name="DeleteUser" time="0.0" classname="com.testng4.Groups.TestGroup">
    <ignored/>
  </testcase> <!-- DeleteUser -->
  <testcase name="CheckUser" time="0.0" classname="com.testng4.Groups.TestGroup">
    <ignored/>
  </testcase> <!-- CheckUser -->
</testsuite> <!-- runOnlySmoke -->
