<?xml version="1.0" encoding="UTF-8"?>
<!-- Generated by org.testng.reporters.JUnitXMLReporter -->
<testsuite hostname="BG-HP8470" ignored="0" name="Test" tests="4" failures="0" timestamp="2020-03-17T18:48:49 EDT" time="0.144" errors="0">
  <testcase name="CreateUser" time="0.012" classname="com.testng4.Groups.TestGroup"/>
  <testcase name="Test1" time="0.002" classname="com.testng4.Groups.TestGroup"/>
  <testcase name="CheckUser" time="0.0" classname="com.testng4.Groups.TestGroup"/>
  <testcase name="deleteUser" time="0.008" classname="com.testng4.Groups.TestGroup"/>
</testsuite> <!-- Test -->
